app/build/intermediates/manifest_merge_blame_file/debug/processDebugMainManifest/manifest-merger-blame-debug-report.txt
1<?xml version="1.0" encoding="utf-8"?>
2<manifest xmlns:android="http://schemas.android.com/apk/res/android"
3    package="com.example.mobileapp"
4    android:versionCode="1"
5    android:versionName="1.0" >
6
7    <uses-sdk
8        android:minSdkVersion="30"
9        android:targetSdkVersion="34" />
10
11    <permission
11-->[androidx.core:core:1.10.1] AndroidManifest.xml:22:5-24:47
12        android:name="com.example.mobileapp.DYNAMIC_RECEIVER_NOT_EXPORTED_PERMISSION"
12-->[androidx.core:core:1.10.1] AndroidManifest.xml:23:9-81
13        android:protectionLevel="signature" />
13-->[androidx.core:core:1.10.1] AndroidManifest.xml:24:9-44
14
15    <uses-permission android:name="com.example.mobileapp.DYNAMIC_RECEIVER_NOT_EXPORTED_PERMISSION" />
15-->[androidx.core:core:1.10.1] AndroidManifest.xml:26:5-97
15-->[androidx.core:core:1.10.1] AndroidManifest.xml:26:22-94
16
17    <application
17-->src\main\AndroidManifest.xml:6:5-102:19
18        android:allowBackup="true"
18-->src\main\AndroidManifest.xml:7:9-35
19        android:appComponentFactory="androidx.core.app.CoreComponentFactory"
19-->[androidx.core:core:1.10.1] AndroidManifest.xml:28:18-86
20        android:dataExtractionRules="@xml/data_extraction_rules"
20-->src\main\AndroidManifest.xml:8:9-65
21        android:debuggable="true"
22        android:extractNativeLibs="false"
23        android:fontFamily="@font/fredoka_condensed_bold"
23-->src\main\AndroidManifest.xml:13:9-58
24        android:fullBackupContent="@xml/backup_rules"
24-->src\main\AndroidManifest.xml:9:9-54
25        android:icon="@drawable/app_icon"
25-->src\main\AndroidManifest.xml:10:9-42
26        android:label="@string/app_name"
26-->src\main\AndroidManifest.xml:11:9-41
27        android:roundIcon="@mipmap/ic_launcher_round"
27-->src\main\AndroidManifest.xml:14:9-54
28        android:supportsRtl="true"
28-->src\main\AndroidManifest.xml:15:9-35
29        android:testOnly="true"
30        android:theme="@style/Theme.MobileApp" >
30-->src\main\AndroidManifest.xml:12:9-47
31        <activity
31-->src\main\AndroidManifest.xml:19:9-22:15
32            android:name="com.screens.language_app.AuditionCorrect"
32-->src\main\AndroidManifest.xml:20:13-68
33            android:exported="false" />
33-->src\main\AndroidManifest.xml:21:13-37
34        <activity
34-->src\main\AndroidManifest.xml:23:9-26:15
35            android:name="com.screens.language_app.Audition"
35-->src\main\AndroidManifest.xml:24:13-61
36            android:exported="false" />
36-->src\main\AndroidManifest.xml:25:13-37
37        <activity
37-->src\main\AndroidManifest.xml:27:9-30:15
38            android:name="com.screens.language_app.AuditionIncorrect"
38-->src\main\AndroidManifest.xml:28:13-70
39            android:exported="false" />
39-->src\main\AndroidManifest.xml:29:13-37
40        <activity
40-->src\main\AndroidManifest.xml:31:9-34:15
41            android:name="com.screens.language_app.WordGame"
41-->src\main\AndroidManifest.xml:32:13-61
42            android:exported="false" />
42-->src\main\AndroidManifest.xml:33:13-37
43        <activity
43-->src\main\AndroidManifest.xml:35:9-38:15
44            android:name="com.screens.language_app.AnimalGame"
44-->src\main\AndroidManifest.xml:36:13-63
45            android:exported="false" />
45-->src\main\AndroidManifest.xml:37:13-37
46        <activity
46-->src\main\AndroidManifest.xml:39:9-42:15
47            android:name="com.screens.language_app.AnimalGameCorrect"
47-->src\main\AndroidManifest.xml:40:13-70
48            android:exported="false" />
48-->src\main\AndroidManifest.xml:41:13-37
49        <activity
49-->src\main\AndroidManifest.xml:43:9-46:15
50            android:name="com.screens.language_app.AnimalGameIncorrect"
50-->src\main\AndroidManifest.xml:44:13-72
51            android:exported="false" />
51-->src\main\AndroidManifest.xml:45:13-37
52        <activity
52-->src\main\AndroidManifest.xml:47:9-50:15
53            android:name="com.screens.language_app.OnBoarding"
53-->src\main\AndroidManifest.xml:48:13-63
54            android:exported="false" />
54-->src\main\AndroidManifest.xml:49:13-37
55        <activity
55-->src\main\AndroidManifest.xml:51:9-54:15
56            android:name="com.screens.language_app.OnBoarding1"
56-->src\main\AndroidManifest.xml:52:13-64
57            android:exported="false" />
57-->src\main\AndroidManifest.xml:53:13-37
58        <activity
58-->src\main\AndroidManifest.xml:55:9-58:15
59            android:name="com.screens.language_app.OnBoarding2"
59-->src\main\AndroidManifest.xml:56:13-64
60            android:exported="false" />
60-->src\main\AndroidManifest.xml:57:13-37
61        <activity
61-->src\main\AndroidManifest.xml:59:9-62:15
62            android:name="com.screens.language_app.Login"
62-->src\main\AndroidManifest.xml:60:13-58
63            android:exported="false" />
63-->src\main\AndroidManifest.xml:61:13-37
64        <activity
64-->src\main\AndroidManifest.xml:63:9-66:15
65            android:name="com.screens.language_app.MainScreen"
65-->src\main\AndroidManifest.xml:64:13-63
66            android:exported="false" />
66-->src\main\AndroidManifest.xml:65:13-37
67        <activity
67-->src\main\AndroidManifest.xml:67:9-70:15
68            android:name="com.screens.language_app.NoConnection"
68-->src\main\AndroidManifest.xml:68:13-65
69            android:exported="false" />
69-->src\main\AndroidManifest.xml:69:13-37
70        <activity
70-->src\main\AndroidManifest.xml:71:9-74:15
71            android:name="com.screens.language_app.Profile"
71-->src\main\AndroidManifest.xml:72:13-60
72            android:exported="false" />
72-->src\main\AndroidManifest.xml:73:13-37
73        <activity
73-->src\main\AndroidManifest.xml:75:9-78:15
74            android:name="com.screens.language_app.ProfileResize"
74-->src\main\AndroidManifest.xml:76:13-66
75            android:exported="false" />
75-->src\main\AndroidManifest.xml:77:13-37
76        <activity
76-->src\main\AndroidManifest.xml:79:9-82:15
77            android:name="com.screens.language_app.Register"
77-->src\main\AndroidManifest.xml:80:13-61
78            android:exported="false" />
78-->src\main\AndroidManifest.xml:81:13-37
79        <activity
79-->src\main\AndroidManifest.xml:83:9-86:15
80            android:name="com.screens.language_app.RegisterPassword"
80-->src\main\AndroidManifest.xml:84:13-69
81            android:exported="false" />
81-->src\main\AndroidManifest.xml:85:13-37
82        <activity
82-->src\main\AndroidManifest.xml:87:9-90:15
83            android:name="com.screens.language_app.SelectLanguage"
83-->src\main\AndroidManifest.xml:88:13-67
84            android:exported="false" />
84-->src\main\AndroidManifest.xml:89:13-37
85        <activity
85-->src\main\AndroidManifest.xml:91:9-101:20
86            android:name="com.screens.language_app.SplashScreen"
86-->src\main\AndroidManifest.xml:92:13-65
87            android:exported="true"
87-->src\main\AndroidManifest.xml:93:13-36
88            android:label="@string/app_name"
88-->src\main\AndroidManifest.xml:94:13-45
89            android:theme="@style/Theme.MobileApp" >
89-->src\main\AndroidManifest.xml:95:13-51
90            <intent-filter>
90-->src\main\AndroidManifest.xml:96:13-100:29
91                <action android:name="android.intent.action.MAIN" />
91-->src\main\AndroidManifest.xml:97:17-69
91-->src\main\AndroidManifest.xml:97:25-66
92
93                <category android:name="android.intent.category.LAUNCHER" />
93-->src\main\AndroidManifest.xml:99:17-77
93-->src\main\AndroidManifest.xml:99:27-74
94            </intent-filter>
95        </activity>
96        <activity
96-->[androidx.compose.ui:ui-tooling-android:1.5.0] AndroidManifest.xml:23:9-25:39
97            android:name="androidx.compose.ui.tooling.PreviewActivity"
97-->[androidx.compose.ui:ui-tooling-android:1.5.0] AndroidManifest.xml:24:13-71
98            android:exported="true" />
98-->[androidx.compose.ui:ui-tooling-android:1.5.0] AndroidManifest.xml:25:13-36
99        <activity
99-->[androidx.compose.ui:ui-test-manifest:1.5.0] AndroidManifest.xml:23:9-25:39
100            android:name="androidx.activity.ComponentActivity"
100-->[androidx.compose.ui:ui-test-manifest:1.5.0] AndroidManifest.xml:24:13-63
101            android:exported="true" />
101-->[androidx.compose.ui:ui-test-manifest:1.5.0] AndroidManifest.xml:25:13-36
102
103        <provider
103-->[androidx.emoji2:emoji2:1.4.0] AndroidManifest.xml:24:9-32:20
104            android:name="androidx.startup.InitializationProvider"
104-->[androidx.emoji2:emoji2:1.4.0] AndroidManifest.xml:25:13-67
105            android:authorities="com.example.mobileapp.androidx-startup"
105-->[androidx.emoji2:emoji2:1.4.0] AndroidManifest.xml:26:13-68
106            android:exported="false" >
106-->[androidx.emoji2:emoji2:1.4.0] AndroidManifest.xml:27:13-37
107            <meta-data
107-->[androidx.emoji2:emoji2:1.4.0] AndroidManifest.xml:29:13-31:52
108                android:name="androidx.emoji2.text.EmojiCompatInitializer"
108-->[androidx.emoji2:emoji2:1.4.0] AndroidManifest.xml:30:17-75
109                android:value="androidx.startup" />
109-->[androidx.emoji2:emoji2:1.4.0] AndroidManifest.xml:31:17-49
110            <meta-data
110-->[androidx.lifecycle:lifecycle-process:2.6.1] AndroidManifest.xml:29:13-31:52
111                android:name="androidx.lifecycle.ProcessLifecycleInitializer"
111-->[androidx.lifecycle:lifecycle-process:2.6.1] AndroidManifest.xml:30:17-78
112                android:value="androidx.startup" />
112-->[androidx.lifecycle:lifecycle-process:2.6.1] AndroidManifest.xml:31:17-49
113            <meta-data
113-->[androidx.profileinstaller:profileinstaller:1.3.0] AndroidManifest.xml:29:13-31:52
114                android:name="androidx.profileinstaller.ProfileInstallerInitializer"
114-->[androidx.profileinstaller:profileinstaller:1.3.0] AndroidManifest.xml:30:17-85
115                android:value="androidx.startup" />
115-->[androidx.profileinstaller:profileinstaller:1.3.0] AndroidManifest.xml:31:17-49
116        </provider>
117
118        <receiver
118-->[androidx.profileinstaller:profileinstaller:1.3.0] AndroidManifest.xml:34:9-52:20
119            android:name="androidx.profileinstaller.ProfileInstallReceiver"
119-->[androidx.profileinstaller:profileinstaller:1.3.0] AndroidManifest.xml:35:13-76
120            android:directBootAware="false"
120-->[androidx.profileinstaller:profileinstaller:1.3.0] AndroidManifest.xml:36:13-44
121            android:enabled="true"
121-->[androidx.profileinstaller:profileinstaller:1.3.0] AndroidManifest.xml:37:13-35
122            android:exported="true"
122-->[androidx.profileinstaller:profileinstaller:1.3.0] AndroidManifest.xml:38:13-36
123            android:permission="android.permission.DUMP" >
123-->[androidx.profileinstaller:profileinstaller:1.3.0] AndroidManifest.xml:39:13-57
124            <intent-filter>
124-->[androidx.profileinstaller:profileinstaller:1.3.0] AndroidManifest.xml:40:13-42:29
125                <action android:name="androidx.profileinstaller.action.INSTALL_PROFILE" />
125-->[androidx.profileinstaller:profileinstaller:1.3.0] AndroidManifest.xml:41:17-91
125-->[androidx.profileinstaller:profileinstaller:1.3.0] AndroidManifest.xml:41:25-88
126            </intent-filter>
127            <intent-filter>
127-->[androidx.profileinstaller:profileinstaller:1.3.0] AndroidManifest.xml:43:13-45:29
128                <action android:name="androidx.profileinstaller.action.SKIP_FILE" />
128-->[androidx.profileinstaller:profileinstaller:1.3.0] AndroidManifest.xml:44:17-85
128-->[androidx.profileinstaller:profileinstaller:1.3.0] AndroidManifest.xml:44:25-82
129            </intent-filter>
130            <intent-filter>
130-->[androidx.profileinstaller:profileinstaller:1.3.0] AndroidManifest.xml:46:13-48:29
131                <action android:name="androidx.profileinstaller.action.SAVE_PROFILE" />
131-->[androidx.profileinstaller:profileinstaller:1.3.0] AndroidManifest.xml:47:17-88
131-->[androidx.profileinstaller:profileinstaller:1.3.0] AndroidManifest.xml:47:25-85
132            </intent-filter>
133            <intent-filter>
133-->[androidx.profileinstaller:profileinstaller:1.3.0] AndroidManifest.xml:49:13-51:29
134                <action android:name="androidx.profileinstaller.action.BENCHMARK_OPERATION" />
134-->[androidx.profileinstaller:profileinstaller:1.3.0] AndroidManifest.xml:50:17-95
134-->[androidx.profileinstaller:profileinstaller:1.3.0] AndroidManifest.xml:50:25-92
135            </intent-filter>
136        </receiver>
137    </application>
138
139</manifest>